<?xml version="1.0" encoding="UTF-8"?>
<!-- Generated by org.testng.reporters.JUnitReportReporter -->
<testsuite hostname="Siva" failures="0" tests="4" name="demoProject.Login" time="32.460" errors="0" timestamp="2023-12-21T12:05:30 IST" skipped="0">
  <testcase classname="demoProject.Login" name="LoginWithCorrectCredentials" time="7.562"/>
  <system-out/>
  <testcase classname="demoProject.Login" name="LoginWithCorrectCredentials" time="8.440"/>
  <system-out/>
  <testcase classname="demoProject.Login" name="LoginWithCorrectCredentials" time="9.274"/>
  <system-out/>
  <testcase classname="demoProject.Login" name="LoginWithCorrectCredentials" time="7.184"/>
  <system-out/>
</testsuite> <!-- demoProject.Login -->
