<?xml version="1.0" encoding="UTF-8"?>
<!-- Generated by org.testng.reporters.JUnitReportReporter -->
<testsuite hostname="Siva" failures="0" tests="4" name="demoProject.LoginWithPredefinedValue" time="29.968" errors="0" timestamp="2023-12-21T12:10:18 IST" skipped="0">
  <testcase classname="demoProject.LoginWithPredefinedValue" name="LoginWithCorrectCredentials" time="6.957"/>
  <system-out/>
  <testcase classname="demoProject.LoginWithPredefinedValue" name="LoginWithCorrectCredentials" time="7.112"/>
  <system-out/>
  <testcase classname="demoProject.LoginWithPredefinedValue" name="LoginWithCorrectCredentials" time="7.451"/>
  <system-out/>
  <testcase classname="demoProject.LoginWithPredefinedValue" name="LoginWithCorrectCredentials" time="8.448"/>
  <system-out/>
</testsuite> <!-- demoProject.LoginWithPredefinedValue -->
