<?xml version="1.0" encoding="UTF-8"?>
<!-- Generated by org.testng.reporters.JUnitReportReporter -->
<testsuite hostname="Siva" failures="0" tests="4" name="demoProject.LoginUsingJXL" time="36.663" errors="0" timestamp="2023-12-22T23:44:54 IST" skipped="0">
  <testcase classname="demoProject.LoginUsingJXL" name="demoLogin" time="9.404"/>
  <system-out/>
  <testcase classname="demoProject.LoginUsingJXL" name="demoLogin" time="8.758"/>
  <system-out/>
  <testcase classname="demoProject.LoginUsingJXL" name="demoLogin" time="9.557"/>
  <system-out/>
  <testcase classname="demoProject.LoginUsingJXL" name="demoLogin" time="8.944"/>
  <system-out/>
</testsuite> <!-- demoProject.LoginUsingJXL -->
